Switched to context "aws.jimcurtis.info".
Migrating pacman namespace from cluster aws.jimcurtis.info to gke_jiji-168714_us-west1-b_gce-us-west1...
Switched to context "aws.jimcurtis.info".
Switched to context "gke_jiji-168714_us-west1-b_gce-us-west1".
namespace "pacman" created
Context "gke_jiji-168714_us-west1-b_gce-us-west1" modified.
persistentvolumeclaim "mongo-storage" created
service "mongo" created
service "pacman" created
deployment "mongo" created
deployment "pacman" created
Waiting for services [mongo pacman]......READY
Waiting for deployments [mongo pacman]......READY
MongoDB shell version v3.4.6
connecting to: mongodb://127.0.0.1:27017
MongoDB server version: 3.4.6
{ "ok" : 1 }
Mongo instance 35.197.62.78 is now SECONDARY
MongoDB shell version v3.4.6
connecting to: mongodb://127.0.0.1:27017
MongoDB server version: 3.4.6
2017-08-02T19:18:09.023+0000 E QUERY    [thread1] Error: error doing query: failed: network error while attempting to run command 'replSetStepDown' on host '127.0.0.1:27017'  :
DB.prototype.runCommand@src/mongo/shell/db.js:132:1
DB.prototype.adminCommand@src/mongo/shell/db.js:150:16
rs.stepDown@src/mongo/shell/utils.js:1261:12
@(shell eval):1:1
Mongo instance 35.197.62.78 is now PRIMARY
Transaction started [transaction.yaml].
ERROR: (gcloud.dns.record-sets.transaction.remove) Record to be removed does not exist
